{"C:\\Users\\Sapana.vyavahare\\OneDrive - Happiest Minds Technologies Pvt Ltd\\Documents\\nodejsAssignment\\node-demo\\awscodedeployrepo\\src\\app.js": {"path":"C:\\Users\\Sapana.vyavahare\\OneDrive - Happiest Minds Technologies Pvt Ltd\\Documents\\nodejsAssignment\\node-demo\\awscodedeployrepo\\src\\app.js","statementMap":{"0":{"start":{"line":1,"column":16},"end":{"line":1,"column":34}},"1":{"start":{"line":2,"column":19},"end":{"line":2,"column":41}},"2":{"start":{"line":3,"column":21},"end":{"line":3,"column":47}},"3":{"start":{"line":5,"column":12},"end":{"line":5,"column":21}},"4":{"start":{"line":8,"column":33},"end":{"line":17,"column":1}},"5":{"start":{"line":9,"column":4},"end":{"line":16,"column":11}},"6":{"start":{"line":11,"column":12},"end":{"line":11,"column":68}},"7":{"start":{"line":14,"column":12},"end":{"line":14,"column":60}},"8":{"start":{"line":15,"column":12},"end":{"line":15,"column":28}},"9":{"start":{"line":19,"column":0},"end":{"line":38,"column":2}},"10":{"start":{"line":20,"column":4},"end":{"line":20,"column":31}},"11":{"start":{"line":24,"column":4},"end":{"line":27,"column":7}},"12":{"start":{"line":25,"column":8},"end":{"line":25,"column":52}},"13":{"start":{"line":26,"column":8},"end":{"line":26,"column":15}},"14":{"start":{"line":31,"column":4},"end":{"line":31,"column":55}},"15":{"start":{"line":32,"column":4},"end":{"line":32,"column":47}},"16":{"start":{"line":34,"column":4},"end":{"line":34,"column":51}},"17":{"start":{"line":35,"column":4},"end":{"line":35,"column":71}},"18":{"start":{"line":35,"column":31},"end":{"line":35,"column":69}},"19":{"start":{"line":37,"column":4},"end":{"line":37,"column":15}}},"fnMap":{"0":{"name":"(anonymous_0)","decl":{"start":{"line":8,"column":33},"end":{"line":8,"column":34}},"loc":{"start":{"line":8,"column":39},"end":{"line":17,"column":1}},"line":8},"1":{"name":"(anonymous_1)","decl":{"start":{"line":10,"column":34},"end":{"line":10,"column":35}},"loc":{"start":{"line":10,"column":49},"end":{"line":12,"column":9}},"line":10},"2":{"name":"(anonymous_2)","decl":{"start":{"line":13,"column":33},"end":{"line":13,"column":34}},"loc":{"start":{"line":13,"column":42},"end":{"line":16,"column":9}},"line":13},"3":{"name":"(anonymous_3)","decl":{"start":{"line":19,"column":17},"end":{"line":19,"column":18}},"loc":{"start":{"line":19,"column":23},"end":{"line":38,"column":1}},"line":19},"4":{"name":"(anonymous_4)","decl":{"start":{"line":24,"column":20},"end":{"line":24,"column":21}},"loc":{"start":{"line":24,"column":40},"end":{"line":27,"column":5}},"line":24},"5":{"name":"(anonymous_5)","decl":{"start":{"line":35,"column":17},"end":{"line":35,"column":18}},"loc":{"start":{"line":35,"column":31},"end":{"line":35,"column":69}},"line":35}},"branchMap":{},"s":{"0":1,"1":1,"2":1,"3":1,"4":1,"5":1,"6":0,"7":0,"8":0,"9":1,"10":1,"11":1,"12":8,"13":8,"14":1,"15":1,"16":1,"17":1,"18":0,"19":1},"f":{"0":1,"1":0,"2":0,"3":1,"4":8,"5":0},"b":{},"_coverageSchema":"1a1c01bbd47fc00a2c39e90264f33305004495a9","hash":"aa3e4187ee1e74e9c0add732d9c9b09359f495a3"}
,"C:\\Users\\Sapana.vyavahare\\OneDrive - Happiest Minds Technologies Pvt Ltd\\Documents\\nodejsAssignment\\node-demo\\awscodedeployrepo\\src\\config\\config.js": {"path":"C:\\Users\\Sapana.vyavahare\\OneDrive - Happiest Minds Technologies Pvt Ltd\\Documents\\nodejsAssignment\\node-demo\\awscodedeployrepo\\src\\config\\config.js","statementMap":{"0":{"start":{"line":1,"column":15},"end":{"line":3,"column":2}},"1":{"start":{"line":5,"column":0},"end":{"line":22,"column":2}}},"fnMap":{},"branchMap":{},"s":{"0":1,"1":1},"f":{},"b":{},"_coverageSchema":"1a1c01bbd47fc00a2c39e90264f33305004495a9","hash":"9ad33ca8f53adf4958f4f3d42b797d53fe9daf96"}
,"C:\\Users\\Sapana.vyavahare\\OneDrive - Happiest Minds Technologies Pvt Ltd\\Documents\\nodejsAssignment\\node-demo\\awscodedeployrepo\\src\\constants\\api.js": {"path":"C:\\Users\\Sapana.vyavahare\\OneDrive - Happiest Minds Technologies Pvt Ltd\\Documents\\nodejsAssignment\\node-demo\\awscodedeployrepo\\src\\constants\\api.js","statementMap":{"0":{"start":{"line":1,"column":0},"end":{"line":4,"column":4}}},"fnMap":{},"branchMap":{},"s":{"0":1},"f":{},"b":{},"_coverageSchema":"1a1c01bbd47fc00a2c39e90264f33305004495a9","hash":"94074dca670d02249b651526e41b53d1c85f5316"}
,"C:\\Users\\Sapana.vyavahare\\OneDrive - Happiest Minds Technologies Pvt Ltd\\Documents\\nodejsAssignment\\node-demo\\awscodedeployrepo\\src\\controllers\\index.js": {"path":"C:\\Users\\Sapana.vyavahare\\OneDrive - Happiest Minds Technologies Pvt Ltd\\Documents\\nodejsAssignment\\node-demo\\awscodedeployrepo\\src\\controllers\\index.js","statementMap":{"0":{"start":{"line":1,"column":0},"end":{"line":4,"column":2}}},"fnMap":{},"branchMap":{},"s":{"0":1},"f":{},"b":{},"_coverageSchema":"1a1c01bbd47fc00a2c39e90264f33305004495a9","hash":"8a827120beef31151a3f37f4e98dac69f972e3fb"}
,"C:\\Users\\Sapana.vyavahare\\OneDrive - Happiest Minds Technologies Pvt Ltd\\Documents\\nodejsAssignment\\node-demo\\awscodedeployrepo\\src\\controllers\\userConn.js": {"path":"C:\\Users\\Sapana.vyavahare\\OneDrive - Happiest Minds Technologies Pvt Ltd\\Documents\\nodejsAssignment\\node-demo\\awscodedeployrepo\\src\\controllers\\userConn.js","statementMap":{"0":{"start":{"line":1,"column":56},"end":{"line":1,"column":74}},"1":{"start":{"line":2,"column":24},"end":{"line":2,"column":46}},"2":{"start":{"line":3,"column":20},"end":{"line":3,"column":37}},"3":{"start":{"line":6,"column":8},"end":{"line":18,"column":9}},"4":{"start":{"line":7,"column":12},"end":{"line":7,"column":35}},"5":{"start":{"line":9,"column":27},"end":{"line":9,"column":54}},"6":{"start":{"line":10,"column":12},"end":{"line":10,"column":47}},"7":{"start":{"line":12,"column":12},"end":{"line":12,"column":56}},"8":{"start":{"line":13,"column":12},"end":{"line":17,"column":15}},"9":{"start":{"line":22,"column":8},"end":{"line":34,"column":9}},"10":{"start":{"line":23,"column":12},"end":{"line":23,"column":62}},"11":{"start":{"line":25,"column":27},"end":{"line":25,"column":71}},"12":{"start":{"line":26,"column":12},"end":{"line":26,"column":47}},"13":{"start":{"line":28,"column":12},"end":{"line":28,"column":56}},"14":{"start":{"line":29,"column":12},"end":{"line":33,"column":15}},"15":{"start":{"line":37,"column":8},"end":{"line":52,"column":9}},"16":{"start":{"line":38,"column":12},"end":{"line":38,"column":35}},"17":{"start":{"line":40,"column":27},"end":{"line":43,"column":13}},"18":{"start":{"line":44,"column":12},"end":{"line":44,"column":47}},"19":{"start":{"line":46,"column":12},"end":{"line":46,"column":56}},"20":{"start":{"line":47,"column":12},"end":{"line":51,"column":15}},"21":{"start":{"line":55,"column":8},"end":{"line":67,"column":9}},"22":{"start":{"line":56,"column":12},"end":{"line":56,"column":48}},"23":{"start":{"line":58,"column":27},"end":{"line":58,"column":59}},"24":{"start":{"line":59,"column":12},"end":{"line":59,"column":47}},"25":{"start":{"line":61,"column":12},"end":{"line":61,"column":60}},"26":{"start":{"line":62,"column":12},"end":{"line":66,"column":15}},"27":{"start":{"line":71,"column":8},"end":{"line":76,"column":9}},"28":{"start":{"line":72,"column":27},"end":{"line":72,"column":65}},"29":{"start":{"line":73,"column":12},"end":{"line":73,"column":47}},"30":{"start":{"line":75,"column":12},"end":{"line":75,"column":44}},"31":{"start":{"line":80,"column":8},"end":{"line":85,"column":9}},"32":{"start":{"line":81,"column":27},"end":{"line":81,"column":68}},"33":{"start":{"line":82,"column":12},"end":{"line":82,"column":47}},"34":{"start":{"line":84,"column":12},"end":{"line":84,"column":44}},"35":{"start":{"line":88,"column":8},"end":{"line":99,"column":9}},"36":{"start":{"line":89,"column":12},"end":{"line":89,"column":54}},"37":{"start":{"line":90,"column":27},"end":{"line":90,"column":70}},"38":{"start":{"line":91,"column":12},"end":{"line":91,"column":47}},"39":{"start":{"line":93,"column":12},"end":{"line":93,"column":59}},"40":{"start":{"line":94,"column":12},"end":{"line":98,"column":15}},"41":{"start":{"line":102,"column":8},"end":{"line":113,"column":9}},"42":{"start":{"line":103,"column":12},"end":{"line":103,"column":50}},"43":{"start":{"line":104,"column":27},"end":{"line":104,"column":62}},"44":{"start":{"line":105,"column":12},"end":{"line":105,"column":47}},"45":{"start":{"line":107,"column":12},"end":{"line":107,"column":59}},"46":{"start":{"line":108,"column":12},"end":{"line":112,"column":15}},"47":{"start":{"line":116,"column":0},"end":{"line":116,"column":32}}},"fnMap":{"0":{"name":"(anonymous_0)","decl":{"start":{"line":5,"column":4},"end":{"line":5,"column":5}},"loc":{"start":{"line":5,"column":29},"end":{"line":19,"column":5}},"line":5},"1":{"name":"(anonymous_1)","decl":{"start":{"line":21,"column":4},"end":{"line":21,"column":5}},"loc":{"start":{"line":21,"column":32},"end":{"line":35,"column":5}},"line":21},"2":{"name":"(anonymous_2)","decl":{"start":{"line":36,"column":4},"end":{"line":36,"column":5}},"loc":{"start":{"line":36,"column":31},"end":{"line":53,"column":5}},"line":36},"3":{"name":"(anonymous_3)","decl":{"start":{"line":54,"column":4},"end":{"line":54,"column":5}},"loc":{"start":{"line":54,"column":33},"end":{"line":68,"column":5}},"line":54},"4":{"name":"(anonymous_4)","decl":{"start":{"line":70,"column":4},"end":{"line":70,"column":5}},"loc":{"start":{"line":70,"column":31},"end":{"line":77,"column":5}},"line":70},"5":{"name":"(anonymous_5)","decl":{"start":{"line":79,"column":4},"end":{"line":79,"column":5}},"loc":{"start":{"line":79,"column":34},"end":{"line":86,"column":5}},"line":79},"6":{"name":"(anonymous_6)","decl":{"start":{"line":87,"column":4},"end":{"line":87,"column":5}},"loc":{"start":{"line":87,"column":31},"end":{"line":100,"column":5}},"line":87},"7":{"name":"(anonymous_7)","decl":{"start":{"line":101,"column":4},"end":{"line":101,"column":5}},"loc":{"start":{"line":101,"column":40},"end":{"line":114,"column":5}},"line":101}},"branchMap":{},"s":{"0":1,"1":1,"2":1,"3":1,"4":1,"5":1,"6":1,"7":0,"8":0,"9":1,"10":1,"11":1,"12":1,"13":0,"14":0,"15":1,"16":1,"17":1,"18":1,"19":0,"20":0,"21":1,"22":1,"23":1,"24":1,"25":0,"26":0,"27":1,"28":1,"29":1,"30":0,"31":1,"32":1,"33":1,"34":0,"35":1,"36":1,"37":1,"38":1,"39":0,"40":0,"41":1,"42":1,"43":1,"44":1,"45":0,"46":0,"47":1},"f":{"0":1,"1":1,"2":1,"3":1,"4":1,"5":1,"6":1,"7":1},"b":{},"_coverageSchema":"1a1c01bbd47fc00a2c39e90264f33305004495a9","hash":"01cbb9c36ac088d60e7d2b5f43390e34270557cd"}
,"C:\\Users\\Sapana.vyavahare\\OneDrive - Happiest Minds Technologies Pvt Ltd\\Documents\\nodejsAssignment\\node-demo\\awscodedeployrepo\\src\\models\\company.js": {"path":"C:\\Users\\Sapana.vyavahare\\OneDrive - Happiest Minds Technologies Pvt Ltd\\Documents\\nodejsAssignment\\node-demo\\awscodedeployrepo\\src\\models\\company.js","statementMap":{"0":{"start":{"line":4,"column":4},"end":{"line":4,"column":24}},"1":{"start":{"line":5,"column":0},"end":{"line":25,"column":2}},"2":{"start":{"line":14,"column":6},"end":{"line":14,"column":55}},"3":{"start":{"line":17,"column":2},"end":{"line":23,"column":5}},"4":{"start":{"line":24,"column":2},"end":{"line":24,"column":17}}},"fnMap":{"0":{"name":"(anonymous_0)","decl":{"start":{"line":5,"column":17},"end":{"line":5,"column":18}},"loc":{"start":{"line":5,"column":43},"end":{"line":25,"column":1}},"line":5},"1":{"name":"(anonymous_1)","decl":{"start":{"line":12,"column":4},"end":{"line":12,"column":5}},"loc":{"start":{"line":12,"column":29},"end":{"line":15,"column":5}},"line":12}},"branchMap":{},"s":{"0":1,"1":1,"2":1,"3":1,"4":1},"f":{"0":1,"1":1},"b":{},"_coverageSchema":"1a1c01bbd47fc00a2c39e90264f33305004495a9","hash":"555da46f262f2825ad386f4b6c68fbe6c2945d17"}
,"C:\\Users\\Sapana.vyavahare\\OneDrive - Happiest Minds Technologies Pvt Ltd\\Documents\\nodejsAssignment\\node-demo\\awscodedeployrepo\\src\\models\\index.js": {"path":"C:\\Users\\Sapana.vyavahare\\OneDrive - Happiest Minds Technologies Pvt Ltd\\Documents\\nodejsAssignment\\node-demo\\awscodedeployrepo\\src\\models\\index.js","statementMap":{"0":{"start":{"line":3,"column":11},"end":{"line":3,"column":24}},"1":{"start":{"line":4,"column":13},"end":{"line":4,"column":28}},"2":{"start":{"line":5,"column":18},"end":{"line":5,"column":38}},"3":{"start":{"line":6,"column":17},"end":{"line":6,"column":42}},"4":{"start":{"line":7,"column":12},"end":{"line":7,"column":49}},"5":{"start":{"line":8,"column":15},"end":{"line":8,"column":63}},"6":{"start":{"line":9,"column":11},"end":{"line":9,"column":13}},"7":{"start":{"line":12,"column":0},"end":{"line":16,"column":1}},"8":{"start":{"line":13,"column":2},"end":{"line":13,"column":74}},"9":{"start":{"line":15,"column":2},"end":{"line":15,"column":87}},"10":{"start":{"line":18,"column":0},"end":{"line":26,"column":5}},"11":{"start":{"line":21,"column":4},"end":{"line":21,"column":90}},"12":{"start":{"line":24,"column":18},"end":{"line":24,"column":85}},"13":{"start":{"line":25,"column":4},"end":{"line":25,"column":27}},"14":{"start":{"line":28,"column":0},"end":{"line":32,"column":3}},"15":{"start":{"line":29,"column":2},"end":{"line":31,"column":3}},"16":{"start":{"line":30,"column":4},"end":{"line":30,"column":32}},"17":{"start":{"line":34,"column":0},"end":{"line":34,"column":25}},"18":{"start":{"line":35,"column":0},"end":{"line":35,"column":25}},"19":{"start":{"line":37,"column":0},"end":{"line":37,"column":20}}},"fnMap":{"0":{"name":"(anonymous_0)","decl":{"start":{"line":20,"column":10},"end":{"line":20,"column":11}},"loc":{"start":{"line":20,"column":18},"end":{"line":22,"column":3}},"line":20},"1":{"name":"(anonymous_1)","decl":{"start":{"line":23,"column":11},"end":{"line":23,"column":12}},"loc":{"start":{"line":23,"column":19},"end":{"line":26,"column":3}},"line":23},"2":{"name":"(anonymous_2)","decl":{"start":{"line":28,"column":24},"end":{"line":28,"column":25}},"loc":{"start":{"line":28,"column":37},"end":{"line":32,"column":1}},"line":28}},"branchMap":{"0":{"loc":{"start":{"line":7,"column":12},"end":{"line":7,"column":49}},"type":"binary-expr","locations":[{"start":{"line":7,"column":12},"end":{"line":7,"column":32}},{"start":{"line":7,"column":36},"end":{"line":7,"column":49}}],"line":7},"1":{"loc":{"start":{"line":12,"column":0},"end":{"line":16,"column":1}},"type":"if","locations":[{"start":{"line":12,"column":0},"end":{"line":16,"column":1}},{"start":{"line":14,"column":7},"end":{"line":16,"column":1}}],"line":12},"2":{"loc":{"start":{"line":21,"column":11},"end":{"line":21,"column":89}},"type":"binary-expr","locations":[{"start":{"line":21,"column":12},"end":{"line":21,"column":35}},{"start":{"line":21,"column":41},"end":{"line":21,"column":58}},{"start":{"line":21,"column":64},"end":{"line":21,"column":88}}],"line":21},"3":{"loc":{"start":{"line":29,"column":2},"end":{"line":31,"column":3}},"type":"if","locations":[{"start":{"line":29,"column":2},"end":{"line":31,"column":3}},{"start":{},"end":{}}],"line":29}},"s":{"0":1,"1":1,"2":1,"3":1,"4":1,"5":1,"6":1,"7":1,"8":0,"9":1,"10":1,"11":3,"12":2,"13":2,"14":1,"15":2,"16":2,"17":1,"18":1,"19":1},"f":{"0":3,"1":2,"2":2},"b":{"0":[1,0],"1":[0,1],"2":[3,3,2],"3":[2,0]},"_coverageSchema":"1a1c01bbd47fc00a2c39e90264f33305004495a9","hash":"a19c821f54e7676f3fdfaad9e3101ac5024b0df3"}
,"C:\\Users\\Sapana.vyavahare\\OneDrive - Happiest Minds Technologies Pvt Ltd\\Documents\\nodejsAssignment\\node-demo\\awscodedeployrepo\\src\\models\\user.js": {"path":"C:\\Users\\Sapana.vyavahare\\OneDrive - Happiest Minds Technologies Pvt Ltd\\Documents\\nodejsAssignment\\node-demo\\awscodedeployrepo\\src\\models\\user.js","statementMap":{"0":{"start":{"line":2,"column":18},"end":{"line":2,"column":38}},"1":{"start":{"line":3,"column":0},"end":{"line":31,"column":2}},"2":{"start":{"line":12,"column":12},"end":{"line":15,"column":15}},"3":{"start":{"line":18,"column":4},"end":{"line":29,"column":6}},"4":{"start":{"line":30,"column":4},"end":{"line":30,"column":16}}},"fnMap":{"0":{"name":"(anonymous_0)","decl":{"start":{"line":3,"column":17},"end":{"line":3,"column":18}},"loc":{"start":{"line":3,"column":43},"end":{"line":31,"column":1}},"line":3},"1":{"name":"(anonymous_1)","decl":{"start":{"line":10,"column":8},"end":{"line":10,"column":9}},"loc":{"start":{"line":10,"column":33},"end":{"line":16,"column":9}},"line":10}},"branchMap":{},"s":{"0":1,"1":1,"2":1,"3":1,"4":1},"f":{"0":1,"1":1},"b":{},"_coverageSchema":"1a1c01bbd47fc00a2c39e90264f33305004495a9","hash":"ee86d8698c0dd6a88011189d3db27ef5ae4b4654"}
,"C:\\Users\\Sapana.vyavahare\\OneDrive - Happiest Minds Technologies Pvt Ltd\\Documents\\nodejsAssignment\\node-demo\\awscodedeployrepo\\src\\routes\\index.js": {"path":"C:\\Users\\Sapana.vyavahare\\OneDrive - Happiest Minds Technologies Pvt Ltd\\Documents\\nodejsAssignment\\node-demo\\awscodedeployrepo\\src\\routes\\index.js","statementMap":{"0":{"start":{"line":1,"column":16},"end":{"line":1,"column":34}},"1":{"start":{"line":2,"column":21},"end":{"line":2,"column":48}},"2":{"start":{"line":4,"column":15},"end":{"line":4,"column":31}},"3":{"start":{"line":6,"column":0},"end":{"line":6,"column":56}},"4":{"start":{"line":8,"column":0},"end":{"line":8,"column":24}}},"fnMap":{},"branchMap":{},"s":{"0":1,"1":1,"2":1,"3":1,"4":1},"f":{},"b":{},"_coverageSchema":"1a1c01bbd47fc00a2c39e90264f33305004495a9","hash":"ec2a5ddef7f30586eb282bfc7995c04aeb563488"}
,"C:\\Users\\Sapana.vyavahare\\OneDrive - Happiest Minds Technologies Pvt Ltd\\Documents\\nodejsAssignment\\node-demo\\awscodedeployrepo\\src\\routes\\routeIndex.js": {"path":"C:\\Users\\Sapana.vyavahare\\OneDrive - Happiest Minds Technologies Pvt Ltd\\Documents\\nodejsAssignment\\node-demo\\awscodedeployrepo\\src\\routes\\routeIndex.js","statementMap":{"0":{"start":{"line":1,"column":16},"end":{"line":1,"column":34}},"1":{"start":{"line":2,"column":15},"end":{"line":2,"column":31}},"2":{"start":{"line":3,"column":27},"end":{"line":3,"column":52}},"3":{"start":{"line":4,"column":23},"end":{"line":4,"column":43}},"4":{"start":{"line":6,"column":0},"end":{"line":6,"column":40}},"5":{"start":{"line":7,"column":0},"end":{"line":7,"column":54}},"6":{"start":{"line":8,"column":0},"end":{"line":8,"column":67}},"7":{"start":{"line":9,"column":0},"end":{"line":9,"column":47}},"8":{"start":{"line":10,"column":0},"end":{"line":10,"column":46}},"9":{"start":{"line":12,"column":0},"end":{"line":12,"column":43}},"10":{"start":{"line":13,"column":0},"end":{"line":13,"column":56}},"11":{"start":{"line":14,"column":0},"end":{"line":14,"column":49}},"12":{"start":{"line":16,"column":0},"end":{"line":16,"column":24}}},"fnMap":{},"branchMap":{},"s":{"0":1,"1":1,"2":1,"3":1,"4":1,"5":1,"6":1,"7":1,"8":1,"9":1,"10":1,"11":1,"12":1},"f":{},"b":{},"_coverageSchema":"1a1c01bbd47fc00a2c39e90264f33305004495a9","hash":"95d09a3f2efcfaa5de57f0193708fa31315c3cd1"}
,"C:\\Users\\Sapana.vyavahare\\OneDrive - Happiest Minds Technologies Pvt Ltd\\Documents\\nodejsAssignment\\node-demo\\awscodedeployrepo\\src\\services\\index.js": {"path":"C:\\Users\\Sapana.vyavahare\\OneDrive - Happiest Minds Technologies Pvt Ltd\\Documents\\nodejsAssignment\\node-demo\\awscodedeployrepo\\src\\services\\index.js","statementMap":{"0":{"start":{"line":1,"column":0},"end":{"line":4,"column":2}}},"fnMap":{},"branchMap":{},"s":{"0":1},"f":{},"b":{},"_coverageSchema":"1a1c01bbd47fc00a2c39e90264f33305004495a9","hash":"f558d95945c9d546e1cffd82b3b4da652e4a4be9"}
,"C:\\Users\\Sapana.vyavahare\\OneDrive - Happiest Minds Technologies Pvt Ltd\\Documents\\nodejsAssignment\\node-demo\\awscodedeployrepo\\src\\services\\userService.js": {"path":"C:\\Users\\Sapana.vyavahare\\OneDrive - Happiest Minds Technologies Pvt Ltd\\Documents\\nodejsAssignment\\node-demo\\awscodedeployrepo\\src\\services\\userService.js","statementMap":{"0":{"start":{"line":1,"column":26},"end":{"line":1,"column":44}},"1":{"start":{"line":2,"column":18},"end":{"line":2,"column":38}},"2":{"start":{"line":3,"column":11},"end":{"line":3,"column":23}},"3":{"start":{"line":4,"column":15},"end":{"line":4,"column":32}},"4":{"start":{"line":6,"column":11},"end":{"line":6,"column":31}},"5":{"start":{"line":7,"column":13},"end":{"line":7,"column":20}},"6":{"start":{"line":8,"column":16},"end":{"line":8,"column":26}},"7":{"start":{"line":12,"column":23},"end":{"line":12,"column":65}},"8":{"start":{"line":13,"column":8},"end":{"line":13,"column":39}},"9":{"start":{"line":14,"column":8},"end":{"line":14,"column":49}},"10":{"start":{"line":17,"column":23},"end":{"line":17,"column":46}},"11":{"start":{"line":18,"column":8},"end":{"line":18,"column":49}},"12":{"start":{"line":22,"column":23},"end":{"line":31,"column":9}},"13":{"start":{"line":32,"column":8},"end":{"line":32,"column":49}},"14":{"start":{"line":35,"column":23},"end":{"line":42,"column":10}},"15":{"start":{"line":43,"column":8},"end":{"line":43,"column":47}},"16":{"start":{"line":46,"column":23},"end":{"line":56,"column":9}},"17":{"start":{"line":57,"column":8},"end":{"line":57,"column":50}},"18":{"start":{"line":60,"column":23},"end":{"line":64,"column":10}},"19":{"start":{"line":65,"column":8},"end":{"line":65,"column":49}},"20":{"start":{"line":68,"column":23},"end":{"line":68,"column":70}},"21":{"start":{"line":69,"column":8},"end":{"line":69,"column":49}},"22":{"start":{"line":72,"column":23},"end":{"line":80,"column":10}},"23":{"start":{"line":81,"column":8},"end":{"line":81,"column":39}},"24":{"start":{"line":82,"column":8},"end":{"line":82,"column":49}},"25":{"start":{"line":85,"column":0},"end":{"line":85,"column":29}}},"fnMap":{"0":{"name":"(anonymous_0)","decl":{"start":{"line":11,"column":4},"end":{"line":11,"column":5}},"loc":{"start":{"line":11,"column":20},"end":{"line":15,"column":5}},"line":11},"1":{"name":"(anonymous_1)","decl":{"start":{"line":16,"column":4},"end":{"line":16,"column":5}},"loc":{"start":{"line":16,"column":25},"end":{"line":19,"column":5}},"line":16},"2":{"name":"(anonymous_2)","decl":{"start":{"line":21,"column":4},"end":{"line":21,"column":5}},"loc":{"start":{"line":21,"column":31},"end":{"line":33,"column":5}},"line":21},"3":{"name":"(anonymous_3)","decl":{"start":{"line":34,"column":4},"end":{"line":34,"column":5}},"loc":{"start":{"line":34,"column":27},"end":{"line":44,"column":5}},"line":34},"4":{"name":"(anonymous_4)","decl":{"start":{"line":45,"column":4},"end":{"line":45,"column":5}},"loc":{"start":{"line":45,"column":30},"end":{"line":58,"column":5}},"line":45},"5":{"name":"(anonymous_5)","decl":{"start":{"line":59,"column":4},"end":{"line":59,"column":5}},"loc":{"start":{"line":59,"column":25},"end":{"line":66,"column":5}},"line":59},"6":{"name":"(anonymous_6)","decl":{"start":{"line":67,"column":4},"end":{"line":67,"column":5}},"loc":{"start":{"line":67,"column":26},"end":{"line":70,"column":5}},"line":67},"7":{"name":"(anonymous_7)","decl":{"start":{"line":71,"column":4},"end":{"line":71,"column":5}},"loc":{"start":{"line":71,"column":28},"end":{"line":83,"column":5}},"line":71}},"branchMap":{},"s":{"0":1,"1":1,"2":1,"3":1,"4":1,"5":1,"6":1,"7":1,"8":1,"9":1,"10":1,"11":1,"12":1,"13":1,"14":1,"15":1,"16":1,"17":1,"18":1,"19":1,"20":1,"21":1,"22":1,"23":1,"24":1,"25":1},"f":{"0":1,"1":1,"2":1,"3":1,"4":1,"5":1,"6":1,"7":1},"b":{},"_coverageSchema":"1a1c01bbd47fc00a2c39e90264f33305004495a9","hash":"3f5dd3379608b5f7c96a095977089b02ab8d5dc3"}
}
